[2022-03-01 09:31:39 +0530] [100814] [INFO] Starting gunicorn 20.1.0
[2022-03-01 09:31:39 +0530] [100814] [INFO] Listening at: http://0.0.0.0:7000 (100814)
[2022-03-01 09:31:39 +0530] [100814] [INFO] Using worker: sync
[2022-03-01 09:31:39 +0530] [100817] [INFO] Booting worker with pid: 100817
[2022-03-01 09:31:39 +0530] [100817] [ERROR] Exception in worker process
Traceback (most recent call last):
  File "/home/sangram/projects/django/cicdproject/venv/lib/python3.8/site-packages/gunicorn/arbiter.py", line 589, in spawn_worker
    worker.init_process()
  File "/home/sangram/projects/django/cicdproject/venv/lib/python3.8/site-packages/gunicorn/workers/base.py", line 134, in init_process
    self.load_wsgi()
  File "/home/sangram/projects/django/cicdproject/venv/lib/python3.8/site-packages/gunicorn/workers/base.py", line 146, in load_wsgi
    self.wsgi = self.app.wsgi()
  File "/home/sangram/projects/django/cicdproject/venv/lib/python3.8/site-packages/gunicorn/app/base.py", line 67, in wsgi
    self.callable = self.load()
  File "/home/sangram/projects/django/cicdproject/venv/lib/python3.8/site-packages/gunicorn/app/wsgiapp.py", line 58, in load
    return self.load_wsgiapp()
  File "/home/sangram/projects/django/cicdproject/venv/lib/python3.8/site-packages/gunicorn/app/wsgiapp.py", line 48, in load_wsgiapp
    return util.import_app(self.app_uri)
  File "/home/sangram/projects/django/cicdproject/venv/lib/python3.8/site-packages/gunicorn/util.py", line 359, in import_app
    mod = importlib.import_module(module)
  File "/usr/lib/python3.8/importlib/__init__.py", line 127, in import_module
    return _bootstrap._gcd_import(name[level:], package, level)
  File "<frozen importlib._bootstrap>", line 1014, in _gcd_import
  File "<frozen importlib._bootstrap>", line 991, in _find_and_load
  File "<frozen importlib._bootstrap>", line 961, in _find_and_load_unlocked
  File "<frozen importlib._bootstrap>", line 219, in _call_with_frames_removed
  File "<frozen importlib._bootstrap>", line 1014, in _gcd_import
  File "<frozen importlib._bootstrap>", line 991, in _find_and_load
  File "<frozen importlib._bootstrap>", line 973, in _find_and_load_unlocked
ModuleNotFoundError: No module named 'cicd'
[2022-03-01 09:31:39 +0530] [100817] [INFO] Worker exiting (pid: 100817)
[2022-03-01 09:31:39 +0530] [100814] [INFO] Shutting down: Master
[2022-03-01 09:31:39 +0530] [100814] [INFO] Reason: Worker failed to boot.
[2022-03-01 09:31:57 +0530] [100858] [INFO] Starting gunicorn 20.1.0
[2022-03-01 09:31:57 +0530] [100858] [INFO] Listening at: http://0.0.0.0:7000 (100858)
[2022-03-01 09:31:57 +0530] [100858] [INFO] Using worker: sync
[2022-03-01 09:31:57 +0530] [100860] [INFO] Booting worker with pid: 100860
[2022-03-01 09:32:16 +0530] [100858] [INFO] Handling signal: winch
[2022-03-01 09:32:18 +0530] [100858] [INFO] Handling signal: int
[2022-03-01 04:02:18 +0000] [100860] [INFO] Worker exiting (pid: 100860)
[2022-03-01 09:32:18 +0530] [100858] [INFO] Shutting down: Master
[2022-03-01 09:32:27 +0530] [100954] [INFO] Starting gunicorn 20.1.0
[2022-03-01 09:32:27 +0530] [100954] [INFO] Listening at: http://0.0.0.0:7000 (100954)
[2022-03-01 09:32:27 +0530] [100954] [INFO] Using worker: sync
[2022-03-01 09:32:27 +0530] [100956] [INFO] Booting worker with pid: 100956
[2022-03-01 09:34:02 +0530] [100954] [INFO] Handling signal: int
[2022-03-01 04:04:02 +0000] [100956] [INFO] Worker exiting (pid: 100956)
[2022-03-01 09:34:02 +0530] [100954] [INFO] Shutting down: Master
[2022-03-01 09:34:08 +0530] [101225] [INFO] Starting gunicorn 20.1.0
[2022-03-01 09:34:08 +0530] [101225] [INFO] Listening at: http://0.0.0.0:7000 (101225)
[2022-03-01 09:34:08 +0530] [101225] [INFO] Using worker: sync
[2022-03-01 09:34:08 +0530] [101227] [INFO] Booting worker with pid: 101227
[2022-03-01 09:34:36 +0530] [101225] [INFO] Handling signal: winch
[2022-03-01 09:35:25 +0530] [101225] [INFO] Handling signal: int
[2022-03-01 04:05:25 +0000] [101227] [INFO] Worker exiting (pid: 101227)
[2022-03-01 09:35:25 +0530] [101225] [INFO] Shutting down: Master
[2022-03-01 09:42:15 +0530] [102194] [INFO] Starting gunicorn 20.1.0
[2022-03-01 09:42:15 +0530] [102194] [INFO] Listening at: http://0.0.0.0:7000 (102194)
[2022-03-01 09:42:15 +0530] [102194] [INFO] Using worker: sync
[2022-03-01 09:42:15 +0530] [102199] [INFO] Booting worker with pid: 102199
[2022-03-01 09:42:31 +0530] [102194] [INFO] Handling signal: int
[2022-03-01 04:12:31 +0000] [102199] [INFO] Worker exiting (pid: 102199)
[2022-03-01 09:42:31 +0530] [102194] [INFO] Shutting down: Master
[2022-03-01 09:44:19 +0530] [102456] [INFO] Starting gunicorn 20.1.0
[2022-03-01 09:44:19 +0530] [102456] [INFO] Listening at: http://0.0.0.0:7000 (102456)
[2022-03-01 09:44:19 +0530] [102456] [INFO] Using worker: sync
[2022-03-01 09:44:19 +0530] [102458] [INFO] Booting worker with pid: 102458
[2022-03-01 09:44:56 +0530] [102456] [INFO] Handling signal: int
[2022-03-01 04:14:56 +0000] [102458] [INFO] Worker exiting (pid: 102458)
[2022-03-01 09:44:56 +0530] [102456] [INFO] Shutting down: Master
[2022-03-01 09:45:41 +0530] [102665] [INFO] Starting gunicorn 20.1.0
[2022-03-01 09:45:41 +0530] [102665] [INFO] Listening at: http://0.0.0.0:7000 (102665)
[2022-03-01 09:45:41 +0530] [102665] [INFO] Using worker: sync
[2022-03-01 09:45:41 +0530] [102667] [INFO] Booting worker with pid: 102667
[2022-03-01 09:45:45 +0530] [102665] [INFO] Handling signal: int
[2022-03-01 04:15:46 +0000] [102667] [INFO] Worker exiting (pid: 102667)
[2022-03-01 09:45:46 +0530] [102665] [INFO] Shutting down: Master
[2022-03-01 09:46:01 +0530] [102745] [INFO] Starting gunicorn 20.1.0
[2022-03-01 09:46:01 +0530] [102745] [INFO] Listening at: http://0.0.0.0:7000 (102745)
[2022-03-01 09:46:01 +0530] [102745] [INFO] Using worker: sync
[2022-03-01 09:46:01 +0530] [102747] [INFO] Booting worker with pid: 102747
[2022-03-01 09:47:08 +0530] [102745] [INFO] Handling signal: int
[2022-03-01 04:17:08 +0000] [102747] [INFO] Worker exiting (pid: 102747)
[2022-03-01 09:47:09 +0530] [102745] [INFO] Shutting down: Master
[2022-03-01 09:47:10 +0530] [102811] [INFO] Starting gunicorn 20.1.0
[2022-03-01 09:47:10 +0530] [102811] [INFO] Listening at: http://0.0.0.0:7000 (102811)
[2022-03-01 09:47:10 +0530] [102811] [INFO] Using worker: sync
[2022-03-01 09:47:10 +0530] [102813] [INFO] Booting worker with pid: 102813
[2022-03-01 09:47:19 +0530] [102811] [INFO] Handling signal: int
[2022-03-01 04:17:19 +0000] [102813] [INFO] Worker exiting (pid: 102813)
[2022-03-01 09:47:19 +0530] [102811] [INFO] Shutting down: Master
